\BOOKMARK [1][-]{section.1}{Optimization\0402:\040Algorithms\040and\040Constraints}{}% 1
\BOOKMARK [2][-]{subsection.1.1}{Bracketing}{section.1}% 2
\BOOKMARK [2][-]{subsection.1.2}{The\040Golden\040Ratio\040or\040Bracketing\040Search\040for\0401D\040problems}{section.1}% 3
\BOOKMARK [3][-]{subsubsection.1.2.1}{Bisection\040Methods}{subsection.1.2}% 4
\BOOKMARK [2][-]{subsection.1.3}{Rosenbrock\040Banana\040and\040Optim.jl}{section.1}% 5
\BOOKMARK [2][-]{subsection.1.4}{Comparison\040Methods}{section.1}% 6
\BOOKMARK [2][-]{subsection.1.5}{Local\040Descent\040Methods}{section.1}% 7
\BOOKMARK [3][-]{subsubsection.1.5.1}{Local\040Descent\040Outline}{subsection.1.5}% 8
\BOOKMARK [3][-]{subsubsection.1.5.2}{The\040Line\040Search\040Strategy}{subsection.1.5}% 9
\BOOKMARK [3][-]{subsubsection.1.5.3}{The\040Trust\040Region\040Strategy}{subsection.1.5}% 10
\BOOKMARK [3][-]{subsubsection.1.5.4}{Stopping\040criteria}{subsection.1.5}% 11
\BOOKMARK [3][-]{subsubsection.1.5.5}{Gradient\040Descent}{subsection.1.5}% 12
\BOOKMARK [2][-]{subsection.1.6}{Second\040Order\040Methods}{section.1}% 13
\BOOKMARK [3][-]{subsubsection.1.6.1}{Newton's\040Method}{subsection.1.6}% 14
\BOOKMARK [2][-]{subsection.1.7}{\040Direct\040Methods}{section.1}% 15
\BOOKMARK [3][-]{subsubsection.1.7.1}{Cyclic\040Coordinate\040Descent\040--\040Taxicab\040search}{subsection.1.7}% 16
\BOOKMARK [3][-]{subsubsection.1.7.2}{General\040Pattern\040Search}{subsection.1.7}% 17
\BOOKMARK [2][-]{subsection.1.8}{Bracketing\040for\040Multidimensional\040Problems:\040Nelder-Mead}{section.1}% 18
\BOOKMARK [2][-]{subsection.1.9}{Bracketing\040for\040Multidimensional\040Problems:\040Comment\040on\040Nelder-Mead}{section.1}% 19
\BOOKMARK [2][-]{subsection.1.10}{things\040to\040read\040up\040on}{section.1}% 20
\BOOKMARK [2][-]{subsection.1.11}{Stochastic\040Optimization\040Methods}{section.1}% 21
\BOOKMARK [3][-]{subsubsection.1.11.1}{Simulated\040Annealing}{subsection.1.11}% 22
\BOOKMARK [1][-]{section.2}{Constraints}{}% 23
\BOOKMARK [2][-]{subsection.2.1}{lagrange\040multipliers}{section.2}% 24
\BOOKMARK [2][-]{subsection.2.2}{duality}{section.2}% 25
\BOOKMARK [2][-]{subsection.2.3}{\040penalty\040methods}{section.2}% 26
\BOOKMARK [2][-]{subsection.2.4}{\040augmented\040lagrange}{section.2}% 27
\BOOKMARK [2][-]{subsection.2.5}{\040interior\040point}{section.2}% 28
\BOOKMARK [3][-]{subsubsection.2.5.1}{Examples}{subsection.2.5}% 29
\BOOKMARK [2][-]{subsection.2.6}{Constrained\040Optimisation\040with\040NLopt.jl}{section.2}% 30
\BOOKMARK [2][-]{subsection.2.7}{NLopt:\040Rosenbrock}{section.2}% 31
\BOOKMARK [2][-]{subsection.2.8}{JuMP.jl}{section.2}% 32
\BOOKMARK [2][-]{subsection.2.9}{JuMP:\040Quick\040start\040guide}{section.2}% 33
\BOOKMARK [3][-]{subsubsection.2.9.1}{Step\0401:\040create\040a\040model}{subsection.2.9}% 34
\BOOKMARK [2][-]{subsection.2.10}{Objective\040and\040Constraints}{section.2}% 35
\BOOKMARK [2][-]{subsection.2.11}{JuMP:\040Maximium\040Likelihood}{section.2}% 36
